<?xml version="1.0" encoding="UTF-8"?>
<testng-results ignored="0" total="1" passed="1" failed="0" skipped="0">
  <reporter-output>
  </reporter-output>
  <suite started-at="2025-07-03T22:27:12 IST" name="Surefire suite" finished-at="2025-07-03T22:27:15 IST" duration-ms="3395">
    <groups>
    </groups>
    <test started-at="2025-07-03T22:27:12 IST" name="Surefire test" finished-at="2025-07-03T22:27:15 IST" duration-ms="3395">
      <class name="tests.SampleApiTest">
        <test-method is-config="true" signature="setup()[pri:0, instance:tests.SampleApiTest@87a85e1]" started-at="2025-07-03T22:27:12 IST" name="setup" finished-at="2025-07-03T22:27:13 IST" duration-ms="545" status="PASS">
          <reporter-output>
          </reporter-output>
        </test-method> <!-- setup -->
        <test-method signature="getApiTest()[pri:0, instance:tests.SampleApiTest@87a85e1]" started-at="2025-07-03T22:27:13 IST" name="getApiTest" finished-at="2025-07-03T22:27:15 IST" duration-ms="2812" status="PASS">
          <reporter-output>
          </reporter-output>
        </test-method> <!-- getApiTest -->
      </class> <!-- tests.SampleApiTest -->
    </test> <!-- Surefire test -->
  </suite> <!-- Surefire suite -->
</testng-results>
