<?xml version="1.0" encoding="UTF-8"?>
<testng-results ignored="0" total="1" passed="1" failed="0" skipped="0">
  <reporter-output>
  </reporter-output>
  <suite started-at="2025-06-10T16:33:34 IST" name="Surefire suite" finished-at="2025-06-10T16:33:41 IST" duration-ms="6538">
    <groups>
    </groups>
    <test started-at="2025-06-10T16:33:34 IST" name="Surefire test" finished-at="2025-06-10T16:33:41 IST" duration-ms="6538">
      <class name="tests.LoginTest">
        <test-method is-config="true" signature="setup()[pri:0, instance:tests.LoginTest@1cbb87f3]" started-at="2025-06-10T16:33:34 IST" name="setup" finished-at="2025-06-10T16:33:39 IST" duration-ms="4992" status="PASS">
          <reporter-output>
          </reporter-output>
        </test-method> <!-- setup -->
        <test-method signature="testLogin()[pri:0, instance:tests.LoginTest@1cbb87f3]" started-at="2025-06-10T16:33:40 IST" name="testLogin" finished-at="2025-06-10T16:33:41 IST" duration-ms="1111" status="PASS">
          <reporter-output>
          </reporter-output>
        </test-method> <!-- testLogin -->
        <test-method is-config="true" signature="tearDown()[pri:0, instance:tests.LoginTest@1cbb87f3]" started-at="2025-06-10T16:33:41 IST" name="tearDown" finished-at="2025-06-10T16:33:41 IST" duration-ms="385" status="PASS">
          <reporter-output>
          </reporter-output>
        </test-method> <!-- tearDown -->
      </class> <!-- tests.LoginTest -->
    </test> <!-- Surefire test -->
  </suite> <!-- Surefire suite -->
</testng-results>
