<?xml version="1.0" encoding="UTF-8"?>
<testng-results ignored="0" total="1" passed="1" failed="0" skipped="0">
  <reporter-output>
  </reporter-output>
  <suite started-at="2025-06-10T19:35:00 IST" name="Login Test Suite" finished-at="2025-06-10T19:35:06 IST" duration-ms="6402">
    <groups>
    </groups>
    <test started-at="2025-06-10T19:35:00 IST" name="Login Test" finished-at="2025-06-10T19:35:06 IST" duration-ms="6402">
      <class name="tests.LoginTest">
        <test-method is-config="true" signature="setup()[pri:0, instance:tests.LoginTest@76a4ebf2]" started-at="2025-06-10T19:35:00 IST" name="setup" finished-at="2025-06-10T19:35:05 IST" duration-ms="5030" status="PASS">
          <reporter-output>
          </reporter-output>
        </test-method> <!-- setup -->
        <test-method signature="testLogin()[pri:0, instance:tests.LoginTest@76a4ebf2]" started-at="2025-06-10T19:35:05 IST" name="testLogin" finished-at="2025-06-10T19:35:06 IST" duration-ms="985" status="PASS">
          <reporter-output>
          </reporter-output>
        </test-method> <!-- testLogin -->
        <test-method is-config="true" signature="tearDown()[pri:0, instance:tests.LoginTest@76a4ebf2]" started-at="2025-06-10T19:35:06 IST" name="tearDown" finished-at="2025-06-10T19:35:06 IST" duration-ms="291" status="PASS">
          <reporter-output>
          </reporter-output>
        </test-method> <!-- tearDown -->
      </class> <!-- tests.LoginTest -->
    </test> <!-- Login Test -->
  </suite> <!-- Login Test Suite -->
</testng-results>
